<?xml version="1.0" encoding="UTF-8"?>
<coverage generated="1547807580408" clover="3.2.0">
  <project timestamp="1547807580409" name="All files">
    <metrics statements="67" coveredstatements="67" conditionals="18" coveredconditionals="17" methods="10" coveredmethods="9" elements="95" coveredelements="93" complexity="0" loc="67" ncloc="67" packages="6" files="9" classes="9">
      <package name="Library">
        <metrics statements="25" coveredstatements="25" conditionals="13" coveredconditionals="13" methods="3" coveredmethods="3"/>
        <file name="Library.js" path="C:\Users\OLUWADAMILARE\Desktop\BookApp\Library\Library.js">
          <metrics statements="25" coveredstatements="25" conditionals="13" coveredconditionals="13" methods="3" coveredmethods="3"/>
          <line num="1" count="2" type="stmt"/>
          <line num="2" count="2" type="stmt"/>
          <line num="3" count="2" type="stmt"/>
          <line num="4" count="2" type="stmt"/>
          <line num="5" count="2" type="stmt"/>
          <line num="9" count="2" type="stmt"/>
          <line num="12" count="2" type="stmt"/>
          <line num="13" count="4" type="stmt"/>
          <line num="14" count="6" type="cond" truecount="5" falsecount="0"/>
          <line num="15" count="2" type="stmt"/>
          <line num="16" count="2" type="stmt"/>
          <line num="17" count="2" type="stmt"/>
          <line num="18" count="2" type="stmt"/>
          <line num="19" count="2" type="stmt"/>
          <line num="20" count="4" type="cond" truecount="4" falsecount="0"/>
          <line num="21" count="2" type="stmt"/>
          <line num="22" count="2" type="stmt"/>
          <line num="27" count="2" type="stmt"/>
          <line num="28" count="1" type="stmt"/>
          <line num="29" count="1" type="stmt"/>
          <line num="30" count="2" type="cond" truecount="4" falsecount="0"/>
          <line num="31" count="1" type="stmt"/>
          <line num="32" count="1" type="stmt"/>
          <line num="33" count="1" type="stmt"/>
          <line num="65" count="2" type="stmt"/>
        </file>
      </package>
      <package name="Person">
        <metrics statements="17" coveredstatements="17" conditionals="5" coveredconditionals="4" methods="3" coveredmethods="3"/>
        <file name="Person.js" path="C:\Users\OLUWADAMILARE\Desktop\BookApp\Person\Person.js">
          <metrics statements="17" coveredstatements="17" conditionals="5" coveredconditionals="4" methods="3" coveredmethods="3"/>
          <line num="1" count="5" type="stmt"/>
          <line num="2" count="5" type="stmt"/>
          <line num="3" count="5" type="stmt"/>
          <line num="6" count="6" type="stmt"/>
          <line num="7" count="6" type="stmt"/>
          <line num="8" count="6" type="stmt"/>
          <line num="11" count="5" type="stmt"/>
          <line num="12" count="8" type="stmt"/>
          <line num="13" count="8" type="stmt"/>
          <line num="14" count="8" type="stmt"/>
          <line num="15" count="8" type="stmt"/>
          <line num="18" count="5" type="stmt"/>
          <line num="19" count="2" type="stmt"/>
          <line num="20" count="2" type="cond" truecount="4" falsecount="1"/>
          <line num="22" count="2" type="stmt"/>
          <line num="23" count="2" type="stmt"/>
          <line num="32" count="5" type="stmt"/>
        </file>
      </package>
      <package name="Person.Student.JuniorStudent">
        <metrics statements="7" coveredstatements="7" conditionals="0" coveredconditionals="0" methods="1" coveredmethods="1"/>
        <file name="JuniorStudent.js" path="C:\Users\OLUWADAMILARE\Desktop\BookApp\Person\Student\JuniorStudent\JuniorStudent.js">
          <metrics statements="7" coveredstatements="7" conditionals="0" coveredconditionals="0" methods="1" coveredmethods="1"/>
          <line num="1" count="3" type="stmt"/>
          <line num="2" count="3" type="stmt"/>
          <line num="3" count="3" type="stmt"/>
          <line num="4" count="3" type="stmt"/>
          <line num="8" count="3" type="stmt"/>
          <line num="12" count="3" type="stmt"/>
          <line num="33" count="3" type="stmt"/>
        </file>
      </package>
      <package name="Person.Student.SeniorStudent">
        <metrics statements="4" coveredstatements="4" conditionals="0" coveredconditionals="0" methods="1" coveredmethods="1"/>
        <file name="SeniorStudent.js" path="C:\Users\OLUWADAMILARE\Desktop\BookApp\Person\Student\SeniorStudent\SeniorStudent.js">
          <metrics statements="4" coveredstatements="4" conditionals="0" coveredconditionals="0" methods="1" coveredmethods="1"/>
          <line num="1" count="1" type="stmt"/>
          <line num="5" count="1" type="stmt"/>
          <line num="9" count="1" type="stmt"/>
          <line num="20" count="1" type="stmt"/>
        </file>
      </package>
      <package name="Person.Teacher">
        <metrics statements="5" coveredstatements="5" conditionals="0" coveredconditionals="0" methods="1" coveredmethods="1"/>
        <file name="Teacher.js" path="C:\Users\OLUWADAMILARE\Desktop\BookApp\Person\Teacher\Teacher.js">
          <metrics statements="5" coveredstatements="5" conditionals="0" coveredconditionals="0" methods="1" coveredmethods="1"/>
          <line num="1" count="1" type="stmt"/>
          <line num="2" count="1" type="stmt"/>
          <line num="6" count="1" type="stmt"/>
          <line num="10" count="1" type="stmt"/>
          <line num="15" count="1" type="stmt"/>
        </file>
      </package>
      <package name="Store">
        <metrics statements="9" coveredstatements="9" conditionals="0" coveredconditionals="0" methods="1" coveredmethods="0"/>
        <file name="Store.js" path="C:\Users\OLUWADAMILARE\Desktop\BookApp\Store\Store.js">
          <metrics statements="2" coveredstatements="2" conditionals="0" coveredconditionals="0" methods="0" coveredmethods="0"/>
          <line num="1" count="2" type="stmt"/>
          <line num="26" count="2" type="stmt"/>
        </file>
        <file name="borrowedBook.js" path="C:\Users\OLUWADAMILARE\Desktop\BookApp\Store\borrowedBook.js">
          <metrics statements="2" coveredstatements="2" conditionals="0" coveredconditionals="0" methods="0" coveredmethods="0"/>
          <line num="1" count="5" type="stmt"/>
          <line num="6" count="5" type="stmt"/>
        </file>
        <file name="requestArray.js" path="C:\Users\OLUWADAMILARE\Desktop\BookApp\Store\requestArray.js">
          <metrics statements="3" coveredstatements="3" conditionals="0" coveredconditionals="0" methods="1" coveredmethods="0"/>
          <line num="1" count="5" type="stmt"/>
          <line num="3" count="5" type="stmt"/>
          <line num="6" count="5" type="stmt"/>
        </file>
        <file name="returnArray.js" path="C:\Users\OLUWADAMILARE\Desktop\BookApp\Store\returnArray.js">
          <metrics statements="2" coveredstatements="2" conditionals="0" coveredconditionals="0" methods="0" coveredmethods="0"/>
          <line num="1" count="5" type="stmt"/>
          <line num="6" count="5" type="stmt"/>
        </file>
      </package>
    </metrics>
  </project>
</coverage>
