{"C:\\Users\\OLUWADAMILARE\\Desktop\\BookApp\\Library\\Library.js": {"path":"C:\\Users\\OLUWADAMILARE\\Desktop\\BookApp\\Library\\Library.js","statementMap":{"0":{"start":{"line":1,"column":21},"end":{"line":1,"column":53}},"1":{"start":{"line":2,"column":21},"end":{"line":2,"column":53}},"2":{"start":{"line":3,"column":16},"end":{"line":3,"column":41}},"3":{"start":{"line":4,"column":22},"end":{"line":4,"column":78}},"4":{"start":{"line":5,"column":20},"end":{"line":5,"column":51}},"5":{"start":{"line":9,"column":2},"end":{"line":9,"column":19}},"6":{"start":{"line":12,"column":0},"end":{"line":25,"column":1}},"7":{"start":{"line":13,"column":2},"end":{"line":24,"column":3}},"8":{"start":{"line":14,"column":4},"end":{"line":23,"column":5}},"9":{"start":{"line":15,"column":6},"end":{"line":15,"column":40}},"10":{"start":{"line":16,"column":6},"end":{"line":16,"column":30}},"11":{"start":{"line":17,"column":6},"end":{"line":17,"column":32}},"12":{"start":{"line":18,"column":6},"end":{"line":18,"column":40}},"13":{"start":{"line":19,"column":6},"end":{"line":19,"column":26}},"14":{"start":{"line":20,"column":11},"end":{"line":23,"column":5}},"15":{"start":{"line":21,"column":6},"end":{"line":21,"column":32}},"16":{"start":{"line":22,"column":6},"end":{"line":22,"column":43}},"17":{"start":{"line":27,"column":0},"end":{"line":37,"column":1}},"18":{"start":{"line":28,"column":2},"end":{"line":36,"column":3}},"19":{"start":{"line":29,"column":4},"end":{"line":35,"column":5}},"20":{"start":{"line":30,"column":6},"end":{"line":34,"column":7}},"21":{"start":{"line":31,"column":8},"end":{"line":31,"column":42}},"22":{"start":{"line":32,"column":8},"end":{"line":32,"column":33}},"23":{"start":{"line":33,"column":8},"end":{"line":33,"column":29}},"24":{"start":{"line":65,"column":0},"end":{"line":65,"column":25}}},"fnMap":{"0":{"name":"Libarian","decl":{"start":{"line":8,"column":9},"end":{"line":8,"column":17}},"loc":{"start":{"line":8,"column":23},"end":{"line":10,"column":1}},"line":8},"1":{"name":"(anonymous_1)","decl":{"start":{"line":12,"column":34},"end":{"line":12,"column":35}},"loc":{"start":{"line":12,"column":44},"end":{"line":25,"column":1}},"line":12},"2":{"name":"(anonymous_2)","decl":{"start":{"line":27,"column":32},"end":{"line":27,"column":33}},"loc":{"start":{"line":27,"column":42},"end":{"line":37,"column":1}},"line":27}},"branchMap":{"0":{"loc":{"start":{"line":14,"column":4},"end":{"line":23,"column":5}},"type":"if","locations":[{"start":{"line":14,"column":4},"end":{"line":23,"column":5}},{"start":{"line":14,"column":4},"end":{"line":23,"column":5}}],"line":14},"1":{"loc":{"start":{"line":14,"column":7},"end":{"line":14,"column":113}},"type":"binary-expr","locations":[{"start":{"line":14,"column":8},"end":{"line":14,"column":44}},{"start":{"line":14,"column":50},"end":{"line":14,"column":68}},{"start":{"line":14,"column":74},"end":{"line":14,"column":112}}],"line":14},"2":{"loc":{"start":{"line":20,"column":11},"end":{"line":23,"column":5}},"type":"if","locations":[{"start":{"line":20,"column":11},"end":{"line":23,"column":5}},{"start":{"line":20,"column":11},"end":{"line":23,"column":5}}],"line":20},"3":{"loc":{"start":{"line":20,"column":15},"end":{"line":20,"column":76}},"type":"binary-expr","locations":[{"start":{"line":20,"column":16},"end":{"line":20,"column":52}},{"start":{"line":20,"column":58},"end":{"line":20,"column":75}}],"line":20},"4":{"loc":{"start":{"line":30,"column":6},"end":{"line":34,"column":7}},"type":"if","locations":[{"start":{"line":30,"column":6},"end":{"line":34,"column":7}},{"start":{"line":30,"column":6},"end":{"line":34,"column":7}}],"line":30},"5":{"loc":{"start":{"line":30,"column":9},"end":{"line":30,"column":71}},"type":"binary-expr","locations":[{"start":{"line":30,"column":10},"end":{"line":30,"column":37}},{"start":{"line":30,"column":43},"end":{"line":30,"column":70}}],"line":30}},"s":{"0":2,"1":2,"2":2,"3":2,"4":2,"5":2,"6":2,"7":4,"8":6,"9":2,"10":2,"11":2,"12":2,"13":2,"14":4,"15":2,"16":2,"17":2,"18":1,"19":1,"20":2,"21":1,"22":1,"23":1,"24":2},"f":{"0":2,"1":4,"2":1},"b":{"0":[2,4],"1":[6,4,2],"2":[2,2],"3":[4,2],"4":[1,1],"5":[2,1]},"_coverageSchema":"332fd63041d2c1bcb487cc26dd0d5f7d97098a6c","hash":"282a53eef81c2ebeb8c852a831d8c51a96b4ecb7"}
,"C:\\Users\\OLUWADAMILARE\\Desktop\\BookApp\\Person\\Person.js": {"path":"C:\\Users\\OLUWADAMILARE\\Desktop\\BookApp\\Person\\Person.js","statementMap":{"0":{"start":{"line":1,"column":21},"end":{"line":1,"column":53}},"1":{"start":{"line":2,"column":20},"end":{"line":2,"column":51}},"2":{"start":{"line":3,"column":21},"end":{"line":3,"column":53}},"3":{"start":{"line":6,"column":2},"end":{"line":6,"column":19}},"4":{"start":{"line":7,"column":2},"end":{"line":7,"column":17}},"5":{"start":{"line":8,"column":2},"end":{"line":8,"column":27}},"6":{"start":{"line":11,"column":0},"end":{"line":16,"column":1}},"7":{"start":{"line":12,"column":2},"end":{"line":12,"column":23}},"8":{"start":{"line":13,"column":2},"end":{"line":13,"column":20}},"9":{"start":{"line":14,"column":2},"end":{"line":14,"column":26}},"10":{"start":{"line":15,"column":2},"end":{"line":15,"column":22}},"11":{"start":{"line":18,"column":0},"end":{"line":27,"column":1}},"12":{"start":{"line":19,"column":2},"end":{"line":26,"column":3}},"13":{"start":{"line":20,"column":4},"end":{"line":25,"column":6}},"14":{"start":{"line":22,"column":6},"end":{"line":22,"column":59}},"15":{"start":{"line":23,"column":6},"end":{"line":23,"column":36}},"16":{"start":{"line":32,"column":0},"end":{"line":32,"column":23}}},"fnMap":{"0":{"name":"Person","decl":{"start":{"line":5,"column":9},"end":{"line":5,"column":15}},"loc":{"start":{"line":5,"column":36},"end":{"line":9,"column":1}},"line":5},"1":{"name":"(anonymous_1)","decl":{"start":{"line":11,"column":27},"end":{"line":11,"column":28}},"loc":{"start":{"line":11,"column":49},"end":{"line":16,"column":1}},"line":11},"2":{"name":"(anonymous_2)","decl":{"start":{"line":18,"column":26},"end":{"line":18,"column":27}},"loc":{"start":{"line":18,"column":57},"end":{"line":27,"column":1}},"line":18}},"branchMap":{"0":{"loc":{"start":{"line":20,"column":4},"end":{"line":25,"column":6}},"type":"if","locations":[{"start":{"line":20,"column":4},"end":{"line":25,"column":6}},{"start":{"line":20,"column":4},"end":{"line":25,"column":6}}],"line":20},"1":{"loc":{"start":{"line":20,"column":7},"end":{"line":20,"column":85}},"type":"binary-expr","locations":[{"start":{"line":20,"column":8},"end":{"line":20,"column":28}},{"start":{"line":20,"column":34},"end":{"line":20,"column":56}},{"start":{"line":20,"column":62},"end":{"line":20,"column":84}}],"line":20}},"s":{"0":5,"1":5,"2":5,"3":6,"4":6,"5":6,"6":5,"7":8,"8":8,"9":8,"10":8,"11":5,"12":2,"13":2,"14":2,"15":2,"16":5},"f":{"0":6,"1":8,"2":2},"b":{"0":[2,0],"1":[2,2,2]},"_coverageSchema":"332fd63041d2c1bcb487cc26dd0d5f7d97098a6c","hash":"8d7f1059d45a9aa96b73e93761fa09b0b585b5af"}
,"C:\\Users\\OLUWADAMILARE\\Desktop\\BookApp\\Person\\Student\\JuniorStudent\\JuniorStudent.js": {"path":"C:\\Users\\OLUWADAMILARE\\Desktop\\BookApp\\Person\\Student\\JuniorStudent\\JuniorStudent.js","statementMap":{"0":{"start":{"line":1,"column":15},"end":{"line":1,"column":38}},"1":{"start":{"line":2,"column":21},"end":{"line":2,"column":59}},"2":{"start":{"line":3,"column":20},"end":{"line":3,"column":57}},"3":{"start":{"line":4,"column":21},"end":{"line":4,"column":59}},"4":{"start":{"line":8,"column":2},"end":{"line":8,"column":41}},"5":{"start":{"line":12,"column":0},"end":{"line":12,"column":52}},"6":{"start":{"line":33,"column":0},"end":{"line":33,"column":24}}},"fnMap":{"0":{"name":"Student","decl":{"start":{"line":7,"column":9},"end":{"line":7,"column":16}},"loc":{"start":{"line":7,"column":37},"end":{"line":9,"column":1}},"line":7}},"branchMap":{},"s":{"0":3,"1":3,"2":3,"3":3,"4":3,"5":3,"6":3},"f":{"0":3},"b":{},"_coverageSchema":"332fd63041d2c1bcb487cc26dd0d5f7d97098a6c","hash":"9a800d5a63884e697666442533285546ce00b08c"}
,"C:\\Users\\OLUWADAMILARE\\Desktop\\BookApp\\Person\\Student\\SeniorStudent\\SeniorStudent.js": {"path":"C:\\Users\\OLUWADAMILARE\\Desktop\\BookApp\\Person\\Student\\SeniorStudent\\SeniorStudent.js","statementMap":{"0":{"start":{"line":1,"column":15},"end":{"line":1,"column":38}},"1":{"start":{"line":5,"column":2},"end":{"line":5,"column":41}},"2":{"start":{"line":9,"column":0},"end":{"line":9,"column":52}},"3":{"start":{"line":20,"column":0},"end":{"line":20,"column":24}}},"fnMap":{"0":{"name":"Student","decl":{"start":{"line":4,"column":9},"end":{"line":4,"column":16}},"loc":{"start":{"line":4,"column":37},"end":{"line":6,"column":1}},"line":4}},"branchMap":{},"s":{"0":1,"1":1,"2":1,"3":1},"f":{"0":1},"b":{},"_coverageSchema":"332fd63041d2c1bcb487cc26dd0d5f7d97098a6c","hash":"7f9c8a36eb9dffb7324e17ad36c9c1a5feaa58af"}
,"C:\\Users\\OLUWADAMILARE\\Desktop\\BookApp\\Person\\Teacher\\Teacher.js": {"path":"C:\\Users\\OLUWADAMILARE\\Desktop\\BookApp\\Person\\Teacher\\Teacher.js","statementMap":{"0":{"start":{"line":1,"column":15},"end":{"line":1,"column":35}},"1":{"start":{"line":2,"column":21},"end":{"line":2,"column":56}},"2":{"start":{"line":6,"column":2},"end":{"line":6,"column":41}},"3":{"start":{"line":10,"column":0},"end":{"line":10,"column":52}},"4":{"start":{"line":15,"column":0},"end":{"line":15,"column":24}}},"fnMap":{"0":{"name":"Teacher","decl":{"start":{"line":5,"column":9},"end":{"line":5,"column":16}},"loc":{"start":{"line":5,"column":37},"end":{"line":7,"column":1}},"line":5}},"branchMap":{},"s":{"0":1,"1":1,"2":1,"3":1,"4":1},"f":{"0":1},"b":{},"_coverageSchema":"332fd63041d2c1bcb487cc26dd0d5f7d97098a6c","hash":"d7b57581e8bc2ee8e653ba86769158d5b698e2fc"}
,"C:\\Users\\OLUWADAMILARE\\Desktop\\BookApp\\Store\\Store.js": {"path":"C:\\Users\\OLUWADAMILARE\\Desktop\\BookApp\\Store\\Store.js","statementMap":{"0":{"start":{"line":1,"column":14},"end":{"line":20,"column":1}},"1":{"start":{"line":26,"column":0},"end":{"line":26,"column":24}}},"fnMap":{},"branchMap":{},"s":{"0":2,"1":2},"f":{},"b":{},"_coverageSchema":"332fd63041d2c1bcb487cc26dd0d5f7d97098a6c","hash":"5f2b14df625e2fb2600fbb1c6949e1f4110bfbfb"}
,"C:\\Users\\OLUWADAMILARE\\Desktop\\BookApp\\Store\\borrowedBook.js": {"path":"C:\\Users\\OLUWADAMILARE\\Desktop\\BookApp\\Store\\borrowedBook.js","statementMap":{"0":{"start":{"line":1,"column":19},"end":{"line":1,"column":21}},"1":{"start":{"line":6,"column":0},"end":{"line":6,"column":29}}},"fnMap":{},"branchMap":{},"s":{"0":5,"1":5},"f":{},"b":{},"_coverageSchema":"332fd63041d2c1bcb487cc26dd0d5f7d97098a6c","hash":"6b677d5f61678bcf04b806cc94b1e74156fc6fd8"}
,"C:\\Users\\OLUWADAMILARE\\Desktop\\BookApp\\Store\\requestArray.js": {"path":"C:\\Users\\OLUWADAMILARE\\Desktop\\BookApp\\Store\\requestArray.js","statementMap":{"0":{"start":{"line":1,"column":19},"end":{"line":1,"column":21}},"1":{"start":{"line":3,"column":0},"end":{"line":3,"column":88}},"2":{"start":{"line":3,"column":49},"end":{"line":3,"column":85}},"3":{"start":{"line":6,"column":0},"end":{"line":6,"column":29}}},"fnMap":{"0":{"name":"(anonymous_0)","decl":{"start":{"line":3,"column":33},"end":{"line":3,"column":34}},"loc":{"start":{"line":3,"column":47},"end":{"line":3,"column":86}},"line":3}},"branchMap":{},"s":{"0":5,"1":5,"2":0,"3":5},"f":{"0":0},"b":{},"_coverageSchema":"332fd63041d2c1bcb487cc26dd0d5f7d97098a6c","hash":"7beeb2a7d917583ba8d1b11294f360942df0bfa3"}
,"C:\\Users\\OLUWADAMILARE\\Desktop\\BookApp\\Store\\returnArray.js": {"path":"C:\\Users\\OLUWADAMILARE\\Desktop\\BookApp\\Store\\returnArray.js","statementMap":{"0":{"start":{"line":1,"column":18},"end":{"line":1,"column":20}},"1":{"start":{"line":6,"column":0},"end":{"line":6,"column":28}}},"fnMap":{},"branchMap":{},"s":{"0":5,"1":5},"f":{},"b":{},"_coverageSchema":"332fd63041d2c1bcb487cc26dd0d5f7d97098a6c","hash":"66c8796fec1bdbb0654604668274b937a2186908"}
}
