TN:
SF:C:\Users\OLUWADAMILARE\Desktop\BookApp\Library\Library.js
FN:8,Libarian
FN:12,(anonymous_1)
FN:27,(anonymous_2)
FNF:3
FNH:3
FNDA:2,Libarian
FNDA:4,(anonymous_1)
FNDA:1,(anonymous_2)
DA:1,2
DA:2,2
DA:3,2
DA:4,2
DA:5,2
DA:9,2
DA:12,2
DA:13,4
DA:14,6
DA:15,2
DA:16,2
DA:17,2
DA:18,2
DA:19,2
DA:20,4
DA:21,2
DA:22,2
DA:27,2
DA:28,1
DA:29,1
DA:30,2
DA:31,1
DA:32,1
DA:33,1
DA:65,2
LF:25
LH:25
BRDA:14,0,0,2
BRDA:14,0,1,4
BRDA:14,1,0,6
BRDA:14,1,1,4
BRDA:14,1,2,2
BRDA:20,2,0,2
BRDA:20,2,1,2
BRDA:20,3,0,4
BRDA:20,3,1,2
BRDA:30,4,0,1
BRDA:30,4,1,1
BRDA:30,5,0,2
BRDA:30,5,1,1
BRF:13
BRH:13
end_of_record
TN:
SF:C:\Users\OLUWADAMILARE\Desktop\BookApp\Person\Person.js
FN:5,Person
FN:11,(anonymous_1)
FN:18,(anonymous_2)
FNF:3
FNH:3
FNDA:6,Person
FNDA:8,(anonymous_1)
FNDA:2,(anonymous_2)
DA:1,5
DA:2,5
DA:3,5
DA:6,6
DA:7,6
DA:8,6
DA:11,5
DA:12,8
DA:13,8
DA:14,8
DA:15,8
DA:18,5
DA:19,2
DA:20,2
DA:22,2
DA:23,2
DA:32,5
LF:17
LH:17
BRDA:20,0,0,2
BRDA:20,0,1,0
BRDA:20,1,0,2
BRDA:20,1,1,2
BRDA:20,1,2,2
BRF:5
BRH:4
end_of_record
TN:
SF:C:\Users\OLUWADAMILARE\Desktop\BookApp\Person\Student\JuniorStudent\JuniorStudent.js
FN:7,Student
FNF:1
FNH:1
FNDA:3,Student
DA:1,3
DA:2,3
DA:3,3
DA:4,3
DA:8,3
DA:12,3
DA:33,3
LF:7
LH:7
BRF:0
BRH:0
end_of_record
TN:
SF:C:\Users\OLUWADAMILARE\Desktop\BookApp\Person\Student\SeniorStudent\SeniorStudent.js
FN:4,Student
FNF:1
FNH:1
FNDA:1,Student
DA:1,1
DA:5,1
DA:9,1
DA:20,1
LF:4
LH:4
BRF:0
BRH:0
end_of_record
TN:
SF:C:\Users\OLUWADAMILARE\Desktop\BookApp\Person\Teacher\Teacher.js
FN:5,Teacher
FNF:1
FNH:1
FNDA:1,Teacher
DA:1,1
DA:2,1
DA:6,1
DA:10,1
DA:15,1
LF:5
LH:5
BRF:0
BRH:0
end_of_record
TN:
SF:C:\Users\OLUWADAMILARE\Desktop\BookApp\Store\Store.js
FNF:0
FNH:0
DA:1,2
DA:26,2
LF:2
LH:2
BRF:0
BRH:0
end_of_record
TN:
SF:C:\Users\OLUWADAMILARE\Desktop\BookApp\Store\borrowedBook.js
FNF:0
FNH:0
DA:1,5
DA:6,5
LF:2
LH:2
BRF:0
BRH:0
end_of_record
TN:
SF:C:\Users\OLUWADAMILARE\Desktop\BookApp\Store\requestArray.js
FN:3,(anonymous_0)
FNF:1
FNH:0
FNDA:0,(anonymous_0)
DA:1,5
DA:3,5
DA:6,5
LF:3
LH:3
BRF:0
BRH:0
end_of_record
TN:
SF:C:\Users\OLUWADAMILARE\Desktop\BookApp\Store\returnArray.js
FNF:0
FNH:0
DA:1,5
DA:6,5
LF:2
LH:2
BRF:0
BRH:0
end_of_record
